This is pdfTeX, Version 3.1415926-1.40.10 (TeX Live 2009/Debian) (format=pdflatex 2013.9.6)  8 OCT 2013 21:01
entering extended mode
 %&-line parsing enabled.
**math1.tex
(./math1.tex
LaTeX2e <2009/09/24>
Babel <v3.8l> and hyphenation patterns for english, usenglishmax, dumylang, noh
yphenation, loaded.
(/usr/share/texmf-texlive/tex/latex/base/article.cls
Document Class: article 2007/10/19 v1.4h Standard LaTeX document class
(/usr/share/texmf-texlive/tex/latex/base/size10.clo
File: size10.clo 2007/10/19 v1.4h Standard LaTeX file (size option)
)
\c@part=\count79
\c@section=\count80
\c@subsection=\count81
\c@subsubsection=\count82
\c@paragraph=\count83
\c@subparagraph=\count84
\c@figure=\count85
\c@table=\count86
\abovecaptionskip=\skip41
\belowcaptionskip=\skip42
\bibindent=\dimen102
)
(/usr/share/texmf-texlive/tex/latex/amsfonts/amsfonts.sty
Package: amsfonts 2009/06/22 v3.00 Basic AMSFonts support
\@emptytoks=\toks14
\symAMSa=\mathgroup4
\symAMSb=\mathgroup5
LaTeX Font Info:    Overwriting math alphabet `\mathfrak' in version `bold'
(Font)                  U/euf/m/n --> U/euf/b/n on input line 96.
)
(/usr/share/texmf-texlive/tex/latex/amsmath/amsmath.sty
Package: amsmath 2000/07/18 v2.13 AMS math features
\@mathmargin=\skip43

For additional information on amsmath, use the `?' option.
(/usr/share/texmf-texlive/tex/latex/amsmath/amstext.sty
Package: amstext 2000/06/29 v2.01

(/usr/share/texmf-texlive/tex/latex/amsmath/amsgen.sty
File: amsgen.sty 1999/11/30 v2.0
\@emptytoks=\toks15
\ex@=\dimen103
))
(/usr/share/texmf-texlive/tex/latex/amsmath/amsbsy.sty
Package: amsbsy 1999/11/29 v1.2d
\pmbraise@=\dimen104
)
(/usr/share/texmf-texlive/tex/latex/amsmath/amsopn.sty
Package: amsopn 1999/12/14 v2.01 operator names
)
\inf@bad=\count87
LaTeX Info: Redefining \frac on input line 211.
\uproot@=\count88
\leftroot@=\count89
LaTeX Info: Redefining \overline on input line 307.
\classnum@=\count90
\DOTSCASE@=\count91
LaTeX Info: Redefining \ldots on input line 379.
LaTeX Info: Redefining \dots on input line 382.
LaTeX Info: Redefining \cdots on input line 467.
\Mathstrutbox@=\box26
\strutbox@=\box27
\big@size=\dimen105
LaTeX Font Info:    Redeclaring font encoding OML on input line 567.
LaTeX Font Info:    Redeclaring font encoding OMS on input line 568.
\macc@depth=\count92
\c@MaxMatrixCols=\count93
\dotsspace@=\muskip10
\c@parentequation=\count94
\dspbrk@lvl=\count95
\tag@help=\toks16
\row@=\count96
\column@=\count97
\maxfields@=\count98
\andhelp@=\toks17
\eqnshift@=\dimen106
\alignsep@=\dimen107
\tagshift@=\dimen108
\tagwidth@=\dimen109
\totwidth@=\dimen110
\lineht@=\dimen111
\@envbody=\toks18
\multlinegap=\skip44
\multlinetaggap=\skip45
\mathdisplay@stack=\toks19
LaTeX Info: Redefining \[ on input line 2666.
LaTeX Info: Redefining \] on input line 2667.
)
(/usr/share/texmf-texlive/tex/latex/amscls/amsthm.sty
Package: amsthm 2004/08/06 v2.20
\thm@style=\toks20
\thm@bodyfont=\toks21
\thm@headfont=\toks22
\thm@notefont=\toks23
\thm@headpunct=\toks24
\thm@preskip=\skip46
\thm@postskip=\skip47
\thm@headsep=\skip48
\dth@everypar=\toks25
)
(/usr/share/texmf-texlive/tex/latex/amsfonts/amssymb.sty
Package: amssymb 2009/06/22 v3.00
)
(/usr/share/texmf-texlive/tex/latex/jknapltx/mathrsfs.sty
Package: mathrsfs 1996/01/01 Math RSFS package v1.0 (jk)
\symrsfs=\mathgroup6
)
(/usr/share/texmf-texlive/tex/latex/natbib/natbib.sty
Package: natbib 2009/07/16 8.31 (PWD, AO)
\bibhang=\skip49
\bibsep=\skip50
LaTeX Info: Redefining \cite on input line 694.
\c@NAT@ctr=\count99
)
(/usr/share/texmf-texlive/tex/latex/ltxmisc/truncate.sty
Package: truncate 2001/08/20  ver 3.6
\@Trunc@RestHyph=\toks26
)
\c@theorem=\count100
\c@question=\count101
 (./math1.aux)
\openout1 = `math1.aux'.

LaTeX Font Info:    Checking defaults for OML/cmm/m/it on input line 32.
LaTeX Font Info:    ... okay on input line 32.
LaTeX Font Info:    Checking defaults for T1/cmr/m/n on input line 32.
LaTeX Font Info:    ... okay on input line 32.
LaTeX Font Info:    Checking defaults for OT1/cmr/m/n on input line 32.
LaTeX Font Info:    ... okay on input line 32.
LaTeX Font Info:    Checking defaults for OMS/cmsy/m/n on input line 32.
LaTeX Font Info:    ... okay on input line 32.
LaTeX Font Info:    Checking defaults for OMX/cmex/m/n on input line 32.
LaTeX Font Info:    ... okay on input line 32.
LaTeX Font Info:    Checking defaults for U/cmr/m/n on input line 32.
LaTeX Font Info:    ... okay on input line 32.
LaTeX Font Info:    Try loading font information for U+msa on input line 38.

(/usr/share/texmf-texlive/tex/latex/amsfonts/umsa.fd
File: umsa.fd 2009/06/22 v3.00 AMS symbols A
)
LaTeX Font Info:    Try loading font information for U+msb on input line 38.

(/usr/share/texmf-texlive/tex/latex/amsfonts/umsb.fd
File: umsb.fd 2009/06/22 v3.00 AMS symbols B
)
LaTeX Font Info:    Try loading font information for U+rsfs on input line 38.

(/usr/share/texmf-texlive/tex/latex/jknapltx/ursfs.fd
File: ursfs.fd 1998/03/24 rsfs font definition file (jk)
)

Package natbib Warning: Citation `cite:0' on page 1 undefined on input line 42.


LaTeX Font Info:    Try loading font information for U+euf on input line 42.
(/usr/share/texmf-texlive/tex/latex/amsfonts/ueuf.fd
File: ueuf.fd 2009/06/22 v3.00 Euler Fraktur
)

Package natbib Warning: Citation `cite:0' on page 1 undefined on input line 42.



Package natbib Warning: Citation `cite:0' on page 1 undefined on input line 57.



Package natbib Warning: Citation `cite:0' on page 1 undefined on input line 57.



Package natbib Warning: Citation `cite:0' on page 1 undefined on input line 57.



Package natbib Warning: Citation `cite:1' on page 1 undefined on input line 57.



Package natbib Warning: Citation `cite:0' on page 1 undefined on input line 59.



Package natbib Warning: Citation `cite:1' on page 1 undefined on input line 59.



Package natbib Warning: Citation `cite:0' on page 1 undefined on input line 59.



Package natbib Warning: Citation `cite:1' on page 1 undefined on input line 61.


[1

{/var/lib/texmf/fonts/map/pdftex/updmap/pdftex.map}]

Package natbib Warning: Citation `cite:2' on page 2 undefined on input line 61.



Package natbib Warning: Citation `cite:3' on page 2 undefined on input line 63.



Package natbib Warning: Citation `cite:4' on page 2 undefined on input line 63.



Package natbib Warning: Citation `cite:5' on page 2 undefined on input line 63.



Package natbib Warning: Citation `cite:3' on page 2 undefined on input line 81.



Package natbib Warning: Citation `cite:6' on page 2 undefined on input line 81.



Package natbib Warning: Citation `cite:7' on page 2 undefined on input line 81.



Package natbib Warning: Citation `cite:8' on page 2 undefined on input line 81.



Package natbib Warning: Citation `cite:9' on page 2 undefined on input line 81.



Package natbib Warning: Citation `cite:10' on page 2 undefined on input line 95
.


Package natbib Warning: Citation `cite:11' on page 2 undefined on input line 95
.


Package natbib Warning: Citation `cite:10' on page 2 undefined on input line 95
.


Package natbib Warning: Citation `cite:9' on page 2 undefined on input line 95.



Package natbib Warning: Citation `cite:12' on page 2 undefined on input line 10
3.


Package natbib Warning: Citation `cite:13' on page 2 undefined on input line 10
3.


Package natbib Warning: Citation `cite:14' on page 2 undefined on input line 10
3.


Package natbib Warning: Citation `cite:15' on page 2 undefined on input line 10
3.


Package natbib Warning: Citation `cite:9' on page 2 undefined on input line 103
.

[2]

Package natbib Warning: Citation `cite:2' on page 3 undefined on input line 123
.


Package natbib Warning: Citation `cite:16' on page 3 undefined on input line 12
3.


Package natbib Warning: Citation `cite:11' on page 3 undefined on input line 13
7.


Package natbib Warning: Citation `cite:17' on page 3 undefined on input line 13
7.


Package natbib Warning: Citation `cite:18' on page 3 undefined on input line 13
7.


Package natbib Warning: Citation `cite:19' on page 3 undefined on input line 13
7.


Package natbib Warning: Citation `cite:20' on page 3 undefined on input line 13
7.


Package natbib Warning: Citation `cite:5' on page 3 undefined on input line 137
.


Package natbib Warning: Citation `cite:21' on page 3 undefined on input line 14
7.


Package natbib Warning: Citation `cite:3' on page 3 undefined on input line 147
.


Package natbib Warning: Citation `cite:22' on page 3 undefined on input line 14
7.


Package natbib Warning: Citation `cite:23' on page 3 undefined on input line 14
7.


Package natbib Warning: Citation `cite:24' on page 3 undefined on input line 14
7.


Package natbib Warning: Citation `cite:25' on page 3 undefined on input line 14
7.

[3]
Overfull \hbox (15.36176pt too wide) in paragraph at lines 182--183
\OT1/cmr/m/n/10 connected, empty, ad-di-tive monoids, there ex-ists a pseudo-co
mpact, non-everywhere
 []

[4]

Package natbib Warning: Citation `cite:20' on page 5 undefined on input line 19
9.


Package natbib Warning: Citation `cite:26' on page 5 undefined on input line 21
9.

[5]

Package natbib Warning: Citation `cite:27' on page 6 undefined on input line 24
2.


Package natbib Warning: Citation `cite:24' on page 6 undefined on input line 24
2.

[6]

Package natbib Warning: Citation `cite:9' on page 7 undefined on input line 253
.


Package natbib Warning: Citation `cite:11' on page 7 undefined on input line 25
3.


Package natbib Warning: Citation `cite:28' on page 7 undefined on input line 25
3.


Package natbib Warning: Citation `cite:14' on page 7 undefined on input line 26
0.


Package natbib Warning: Citation `cite:23' on page 7 undefined on input line 26
0.


Package natbib Warning: Citation `cite:12' on page 7 undefined on input line 26
0.


Package natbib Warning: Citation `cite:2' on page 7 undefined on input line 267
.


Package natbib Warning: Citation `cite:8' on page 7 undefined on input line 267
.

No file math1.bbl.

Package natbib Warning: There were undefined citations.

[7] (./math1.aux) ) 
Here is how much of TeX's memory you used:
 1680 strings out of 495061
 18974 string characters out of 1182622
 73157 words of memory out of 3000000
 4857 multiletter control sequences out of 15000+50000
 16348 words of font info for 66 fonts, out of 3000000 for 9000
 28 hyphenation exceptions out of 8191
 27i,22n,28p,1418b,227s stack positions out of 5000i,500n,10000p,200000b,50000s
</usr/share/texmf-texlive/fonts/type1/public/amsfonts/cm/cmb
x10.pfb></usr/share/texmf-texlive/fonts/type1/public/amsfonts/cm/cmbx12.pfb></u
sr/share/texmf-texlive/fonts/type1/public/amsfonts/cm/cmbx5.pfb></usr/share/tex
mf-texlive/fonts/type1/public/amsfonts/cm/cmbx7.pfb></usr/share/texmf-texlive/f
onts/type1/public/amsfonts/cm/cmbx9.pfb></usr/share/texmf-texlive/fonts/type1/p
ublic/amsfonts/cm/cmex10.pfb></usr/share/texmf-texlive/fonts/type1/public/amsfo
nts/cmextra/cmex9.pfb></usr/share/texmf-texlive/fonts/type1/public/amsfonts/cm/
cmmi10.pfb></usr/share/texmf-texlive/fonts/type1/public/amsfonts/cm/cmmi5.pfb><
/usr/share/texmf-texlive/fonts/type1/public/amsfonts/cm/cmmi7.pfb></usr/share/t
exmf-texlive/fonts/type1/public/amsfonts/cm/cmmi9.pfb></usr/share/texmf-texlive
/fonts/type1/public/amsfonts/cm/cmr10.pfb></usr/share/texmf-texlive/fonts/type1
/public/amsfonts/cm/cmr12.pfb></usr/share/texmf-texlive/fonts/type1/public/amsf
onts/cm/cmr17.pfb></usr/share/texmf-texlive/fonts/type1/public/amsfonts/cm/cmr5
.pfb></usr/share/texmf-texlive/fonts/type1/public/amsfonts/cm/cmr6.pfb></usr/sh
are/texmf-texlive/fonts/type1/public/amsfonts/cm/cmr7.pfb></usr/share/texmf-tex
live/fonts/type1/public/amsfonts/cm/cmr9.pfb></usr/share/texmf-texlive/fonts/ty
pe1/public/amsfonts/cm/cmsy10.pfb></usr/share/texmf-texlive/fonts/type1/public/
amsfonts/cm/cmsy5.pfb></usr/share/texmf-texlive/fonts/type1/public/amsfonts/cm/
cmsy6.pfb></usr/share/texmf-texlive/fonts/type1/public/amsfonts/cm/cmsy7.pfb></
usr/share/texmf-texlive/fonts/type1/public/amsfonts/cm/cmsy9.pfb></usr/share/te
xmf-texlive/fonts/type1/public/amsfonts/cm/cmti10.pfb></usr/share/texmf-texlive
/fonts/type1/public/amsfonts/euler/eufm10.pfb></usr/share/texmf-texlive/fonts/t
ype1/public/amsfonts/euler/eufm7.pfb></usr/share/texmf-texlive/fonts/type1/publ
ic/rsfs/rsfs10.pfb></usr/share/texmf-texlive/fonts/type1/public/rsfs/rsfs7.pfb>

Output written on math1.pdf (7 pages, 344660 bytes).
PDF statistics:
 138 PDF objects out of 1000 (max. 8388607)
 0 named destinations out of 1000 (max. 500000)
 1 words of extra memory for PDF output out of 10000 (max. 10000000)

